<?xml version="1.0" encoding="UTF-8"?>
<!-- Generated by org.testng.reporters.JUnitReportReporter -->
<testsuite hostname="DESKTOP-6P22Q5P" failures="0" tests="1" name="com.sportyshoes.com.LoginTest" time="1.455" errors="0" timestamp="2024-01-26T15:35:44 IST" skipped="0">
  <testcase classname="com.sportyshoes.com.LoginTest" name="testLogin" time="1.455"/>
</testsuite> <!-- com.sportyshoes.com.LoginTest -->
