<?xml version="1.0" encoding="UTF-8"?>
<!-- Generated by org.testng.reporters.JUnitReportReporter -->
<testsuite hostname="DESKTOP-6P22Q5P" failures="0" tests="1" name="sporty.shoes.automate.in.LoginTest" time="0.775" errors="0" timestamp="2024-01-24T15:37:18 IST" skipped="0">
  <testcase classname="sporty.shoes.automate.in.LoginTest" name="testLogin" time="0.775"/>
</testsuite> <!-- sporty.shoes.automate.in.LoginTest -->
