<?xml version="1.0" encoding="UTF-8"?>
<!-- Generated by org.testng.reporters.JUnitReportReporter -->
<testsuite hostname="DESKTOP-6P22Q5P" failures="0" tests="2" name="com.sportyshoe.restAssuredScripts.GetAllshoes" time="1.625" errors="0" timestamp="2024-01-26T15:07:42 IST" skipped="0">
  <testcase classname="com.sportyshoe.restAssuredScripts.GetAllshoes" name="get_all_shoes" time="1.587"/>
  <testcase classname="com.sportyshoe.restAssuredScripts.GetAllshoes" name="get_all_users" time="0.038"/>
</testsuite> <!-- com.sportyshoe.restAssuredScripts.GetAllshoes -->
