<?xml version="1.0" encoding="UTF-8"?>
<!-- Generated by org.testng.reporters.JUnitReportReporter -->
<testsuite hostname="DESKTOP-6P22Q5P" failures="0" tests="1" name="com.sportyshoe.restAssuredScripts.Deleteshoe" time="1.447" errors="0" timestamp="2024-01-26T15:14:57 IST" skipped="0">
  <testcase classname="com.sportyshoe.restAssuredScripts.Deleteshoe" name="delete_product" time="1.447"/>
</testsuite> <!-- com.sportyshoe.restAssuredScripts.Deleteshoe -->
