<?xml version="1.0" encoding="UTF-8"?>
<!-- Generated by org.testng.reporters.JUnitReportReporter -->
<testsuite hostname="DESKTOP-6P22Q5P" failures="0" tests="2" name="com.sportyshoe.restAssuredScripts.PostandPutnewshoe" time="1.594" errors="0" timestamp="2024-01-26T15:12:32 IST" skipped="0">
  <testcase classname="com.sportyshoe.restAssuredScripts.PostandPutnewshoe" name="add_new_product" time="1.541"/>
  <testcase classname="com.sportyshoe.restAssuredScripts.PostandPutnewshoe" name="update_a_product" time="0.053"/>
</testsuite> <!-- com.sportyshoe.restAssuredScripts.PostandPutnewshoe -->
